<?xml version="1.0" encoding="UTF-8"?>
<!-- Generated by org.testng.reporters.JUnitReportReporter -->
<testsuite hostname="LAPTOP-67LBH4B7" failures="0" tests="2" name="com.careerhack.runners.TestRunners" time="7.168" errors="0" timestamp="27 Mar 2022 04:50:18 GMT" skipped="0">
  <testcase classname="com.careerhack.runners.TestRunners" name="runScenario" time="3.830"/>
  <testcase classname="com.careerhack.runners.TestRunners" name="runScenario" time="3.338"/>
</testsuite> <!-- com.careerhack.runners.TestRunners -->
